warning: Git tree '/home/jackson/Documents/Code/nix' is dirty
building the system configuration...
warning: Git tree '/home/jackson/Documents/Code/nix' is dirty
these 10 derivations will be built:
  /nix/store/hivl0qvdkyvn39djjjiij2fyrwkzjckl-home-manager-path.drv
  /nix/store/a446h3xivh66jc2x3nvh57yzvkbppgia-hm_fontconfigconf.d10hmfonts.conf.drv
  /nix/store/x1r7d3c4p2rh4bd8i8m9idn5y5j2v857-hm_gitconfig.drv
  /nix/store/bxp2pkncf6h57jqa1b2abgc946lbgz8f-home-manager-files.drv
  /nix/store/xfa6p4axc45ypw1r2jp1y2anp8ddf0lz-activation-script.drv
  /nix/store/3rgz03ns1pqg0y7syisg24y4vrbl4r7n-home-manager-generation.drv
  /nix/store/w0kdwkckrrckbk7sbgin7zkp3cb3cdb8-unit-home-manager-jackson.service.drv
  /nix/store/smcnsz60rh98406lqjbizd9q2qnk39g5-system-units.drv
  /nix/store/8qkg3vmc4ns1ianc2x1z33ajhbw46ljy-etc.drv
  /nix/store/8spjjzai3acs8366miany08iz9h1b398-nixos-system-glaceon-24.11.20240814.c3aa7b8.drv
building '/nix/store/hivl0qvdkyvn39djjjiij2fyrwkzjckl-home-manager-path.drv'...
building '/nix/store/x1r7d3c4p2rh4bd8i8m9idn5y5j2v857-hm_gitconfig.drv'...
building '/nix/store/xfa6p4axc45ypw1r2jp1y2anp8ddf0lz-activation-script.drv'...
building '/nix/store/a446h3xivh66jc2x3nvh57yzvkbppgia-hm_fontconfigconf.d10hmfonts.conf.drv'...
building '/nix/store/bxp2pkncf6h57jqa1b2abgc946lbgz8f-home-manager-files.drv'...
building '/nix/store/3rgz03ns1pqg0y7syisg24y4vrbl4r7n-home-manager-generation.drv'...
building '/nix/store/w0kdwkckrrckbk7sbgin7zkp3cb3cdb8-unit-home-manager-jackson.service.drv'...
building '/nix/store/smcnsz60rh98406lqjbizd9q2qnk39g5-system-units.drv'...
building '/nix/store/8qkg3vmc4ns1ianc2x1z33ajhbw46ljy-etc.drv'...
building '/nix/store/8spjjzai3acs8366miany08iz9h1b398-nixos-system-glaceon-24.11.20240814.c3aa7b8.drv'...
activating the configuration...
setting up /etc...
reloading user units for jackson...
restarting sysinit-reactivation.target
restarting the following units: home-manager-jackson.service
